.data
a: .word 0
b: .word 0
.text
.globl main

main:

li $a0, 2
sw $a0, 0($sp)
addiu $sp, $sp, -4

li $a0, 5
sw $a0, 0($sp)
addiu $sp, $sp, -4

li $a0, 1
sw $a0, 0($sp)
addiu $sp, $sp, -4

lw $t1, 0($sp)
addiu $sp, $sp, 4
lw $t2, 0($sp)
addiu $sp, $sp, 4
add $a0, $t2, $t1
sw $a0, 0($sp)
addiu $sp, $sp, -4

lw $t1, 0($sp)
addiu $sp, $sp, 4
lw $t2, 0($sp)
addiu $sp, $sp, 4
add $a0, $t2, $t1
sw $a0, 0($sp)
addiu $sp, $sp, -4

lw $a0, 4($sp)
addiu $sp, $sp 4
sw $a0, a

li $a0, 8
sw $a0, b

li $a0, 3
sw $a0, 0($sp)
addiu $sp, $sp, -4

li $a0, 3
sw $a0, 0($sp)
addiu $sp, $sp, -4

lw $t1, 0($sp)
addiu $sp, $sp, 4
lw $t2, 0($sp)
addiu $sp, $sp, 4
mul $a0, $t2, $t1
sw $a0, 0($sp)
addiu $sp, $sp, -4

li $v0, 1
syscall

li $v0, 10
syscall
